Dev/App3/app/build/intermediates/manifest_merge_blame_file/debug/manifest-merger-blame-debug-report.txt
1<?xml version="1.0" encoding="utf-8"?>
2<manifest xmlns:android="http://schemas.android.com/apk/res/android"
3    package="com.example.app3"
4    android:versionCode="1"
5    android:versionName="1.0" >
6
7    <uses-sdk
8        android:minSdkVersion="24"
8-->src/main/AndroidManifest.xml
9        android:targetSdkVersion="32" />
9-->src/main/AndroidManifest.xml
10
11    <uses-permission android:name="android.permission.BLUETOOTH" />
11-->src/main/AndroidManifest.xml:5:5-68
11-->src/main/AndroidManifest.xml:5:22-65
12    <uses-permission android:name="android.permission.BLUETOOTH_ADMIN" />
12-->src/main/AndroidManifest.xml:6:5-74
12-->src/main/AndroidManifest.xml:6:22-71
13    <uses-permission android:name="android.permission.BLUETOOTH_ADVERTISE" />
13-->src/main/AndroidManifest.xml:7:5-78
13-->src/main/AndroidManifest.xml:7:22-75
14    <uses-permission android:name="android.permission.BLUETOOTH_CONNECT" />
14-->src/main/AndroidManifest.xml:8:5-76
14-->src/main/AndroidManifest.xml:8:22-73
15    <uses-permission android:name="android.permission.BLUETOOTH_SCAN" />
15-->src/main/AndroidManifest.xml:9:5-73
15-->src/main/AndroidManifest.xml:9:22-70
16
17    <application
17-->src/main/AndroidManifest.xml:12:5-34:19
18        android:allowBackup="true"
18-->src/main/AndroidManifest.xml:13:9-35
19        android:appComponentFactory="androidx.core.app.CoreComponentFactory"
19-->[androidx.core:core:1.8.0] AndroidManifest.xml:24:18-86
20        android:dataExtractionRules="@xml/data_extraction_rules"
20-->src/main/AndroidManifest.xml:14:9-65
21        android:debuggable="true"
22        android:extractNativeLibs="false"
23        android:fullBackupContent="@xml/backup_rules"
23-->src/main/AndroidManifest.xml:15:9-54
24        android:icon="@mipmap/ic_launcher"
24-->src/main/AndroidManifest.xml:16:9-43
25        android:label="@string/app_name"
25-->src/main/AndroidManifest.xml:17:9-41
26        android:roundIcon="@mipmap/ic_launcher_round"
26-->src/main/AndroidManifest.xml:18:9-54
27        android:supportsRtl="true"
27-->src/main/AndroidManifest.xml:19:9-35
28        android:testOnly="true"
29        android:theme="@style/Theme.App3" >
29-->src/main/AndroidManifest.xml:20:9-42
30        <activity
30-->src/main/AndroidManifest.xml:22:9-33:20
31            android:name="com.example.app3.MainActivity"
31-->src/main/AndroidManifest.xml:23:13-41
32            android:exported="true" >
32-->src/main/AndroidManifest.xml:24:13-36
33            <intent-filter>
33-->src/main/AndroidManifest.xml:25:13-28:29
34                <action android:name="android.intent.action.MAIN" />
34-->src/main/AndroidManifest.xml:26:17-69
34-->src/main/AndroidManifest.xml:26:25-66
35
36                <category android:name="android.intent.category.LAUNCHER" />
36-->src/main/AndroidManifest.xml:27:17-77
36-->src/main/AndroidManifest.xml:27:27-74
37            </intent-filter>
38
39            <meta-data
39-->src/main/AndroidManifest.xml:30:13-32:36
40                android:name="android.app.lib_name"
40-->src/main/AndroidManifest.xml:31:17-52
41                android:value="" />
41-->src/main/AndroidManifest.xml:32:17-33
42        </activity>
43
44        <provider
44-->[androidx.emoji2:emoji2:1.2.0] AndroidManifest.xml:24:9-32:20
45            android:name="androidx.startup.InitializationProvider"
45-->[androidx.emoji2:emoji2:1.2.0] AndroidManifest.xml:25:13-67
46            android:authorities="com.example.app3.androidx-startup"
46-->[androidx.emoji2:emoji2:1.2.0] AndroidManifest.xml:26:13-68
47            android:exported="false" >
47-->[androidx.emoji2:emoji2:1.2.0] AndroidManifest.xml:27:13-37
48            <meta-data
48-->[androidx.emoji2:emoji2:1.2.0] AndroidManifest.xml:29:13-31:52
49                android:name="androidx.emoji2.text.EmojiCompatInitializer"
49-->[androidx.emoji2:emoji2:1.2.0] AndroidManifest.xml:30:17-75
50                android:value="androidx.startup" />
50-->[androidx.emoji2:emoji2:1.2.0] AndroidManifest.xml:31:17-49
51            <meta-data
51-->[androidx.lifecycle:lifecycle-process:2.4.1] AndroidManifest.xml:31:13-33:52
52                android:name="androidx.lifecycle.ProcessLifecycleInitializer"
52-->[androidx.lifecycle:lifecycle-process:2.4.1] AndroidManifest.xml:32:17-78
53                android:value="androidx.startup" />
53-->[androidx.lifecycle:lifecycle-process:2.4.1] AndroidManifest.xml:33:17-49
54        </provider>
55    </application>
56
57</manifest>